[2023-10-02 13:17:37.140880] GET /hello HTTP/1.1
[2023-10-02 13:27:17.031212] GET /hello HTTP/1.1
[2023-10-02 13:27:55.655918] GET /heey HTTP/1.1
[2023-10-02 13:28:50.978769] GET /heey HTTP/1.1
[2023-12-03 14:23:42.612781] GET /dmm HTTP/1.1
[2023-12-03 14:26:26.275132] GET /dmm HTTP/1.1
[2023-12-03 14:29:59.011802] GET /dmm HTTP/1.1
[2023-12-03 14:32:53.966163] GET /dmm HTTP/1.1
[2023-12-03 14:53:49.836571] GET /dmm HTTP/1.1
[2023-12-03 14:53:49.954668] GET /favicon.ico HTTP/1.1
[2023-12-03 14:54:25.226086] GET /dmm HTTP/1.1
[2023-12-03 14:57:02.073297] GET /greetings.php HTTP/1.1
[2023-12-03 14:57:03.448006] GET /greetings.php HTTP/1.1
[2023-12-03 14:57:03.449024] GET /greetings.php HTTP/1.1
[2023-12-03 14:58:02.598965] GET /greetings.php HTTP/1.1
[2023-12-03 14:58:23.420026] GET /greetings.php HTTP/1.1
[2023-12-03 14:58:59.228734] GET /greetings.php HTTP/1.1
[2023-12-03 15:08:15.424724] GET /greetings.php HTTP/1.1
[2023-12-03 15:08:45.573063]  <class 'KeyboardInterrupt'> HTTP/1.1
[2023-12-03 15:13:36.086309] GET /greetings.php HTTP/1.1
[2023-12-03 15:15:09.989562] GET /greetings.php HTTP/1.1
[2023-12-03 15:15:20.638475] GET /greetings.php HTTP/1.1
[2023-12-03 15:21:32.303903] GET /greetings.php HTTP/1.1
[2023-12-03 15:36:46.512803] GET /greetings.php HTTP/1.1
[2023-12-03 15:37:22.354379] GET /greetings.php HTTP/1.1
[2023-12-03 15:37:23.132893] GET /greetings.php HTTP/1.1
[2023-12-03 16:21:43.288732] GET /input.php HTTP/1.1
[2023-12-03 16:22:01.074909] GET /input.php HTTP/1.1
[2023-12-03 23:09:49.557884] GET /input.php HTTP/1.1
[2023-12-03 23:09:51.045569] POST /post_example.php HTTP/1.1
[2023-12-03 23:11:07.872395] GET /post_example.php HTTP/1.1
[2023-12-03 23:11:12.774141] POST /post_example.php HTTP/1.1
[2023-12-03 23:12:32.191748] GET /post_example.php HTTP/1.1
[2023-12-03 23:12:53.689969] POST /post_example.php HTTP/1.1
[2023-12-03 23:13:47.842395] GET /post_example.php HTTP/1.1
[2023-12-03 23:14:02.528720] POST /post_example.php HTTP/1.1
[2023-12-03 23:15:02.961796] GET /post_example.php HTTP/1.1
[2023-12-03 23:16:22.253326] POST /post_example.php HTTP/1.1
[2023-12-03 23:18:25.493905] GET /post_example.php HTTP/1.1
[2023-12-03 23:18:44.578124] POST /post_example.php HTTP/1.1
[2023-12-03 23:19:44.703234] POST /post_example.php HTTP/1.1
[2023-12-03 23:19:51.186714] POST /post_example.php HTTP/1.1
[2023-12-03 23:20:38.471604] POST /post_example.php HTTP/1.1
[2023-12-03 23:20:39.902611] POST /post_example.php HTTP/1.1
[2023-12-03 23:20:41.083325] POST /post_example.php HTTP/1.1
[2023-12-03 23:20:42.730040] GET /post_example.php HTTP/1.1
[2023-12-03 23:20:46.122111] POST /post_example.php HTTP/1.1
[2023-12-03 23:24:02.524621] POST /post_example.php HTTP/1.1
[2023-12-03 23:24:04.280492] POST /post_example.php HTTP/1.1
[2023-12-03 23:24:04.627996] POST /post_example.php HTTP/1.1
[2023-12-03 23:24:08.065986] POST /post_example.php HTTP/1.1
[2023-12-03 23:24:28.886167] GET /post_example.php HTTP/1.1
[2023-12-03 23:24:30.955662] GET /post_example.php HTTP/1.1
[2023-12-03 23:24:39.876774] GET /post_example.php HTTP/1.1
[2023-12-03 23:24:41.766317] GET /post_example.php HTTP/1.1
[2023-12-03 23:24:41.871312] GET /favicon.ico HTTP/1.1
[2023-12-03 23:24:47.041769] POST /post_example.php HTTP/1.1
[2023-12-03 23:24:49.684833] POST /post_example.php HTTP/1.1
[2023-12-03 23:24:51.502630] POST /post_example.php HTTP/1.1
[2023-12-03 23:24:52.958351] GET /post_example.php HTTP/1.1
[2023-12-03 23:24:56.053557] POST /post_example.php HTTP/1.1
[2023-12-03 23:33:33.693304] POST /post_example.php HTTP/1.1
[2023-12-03 23:33:37.429498] POST /post_example.php HTTP/1.1
[2023-12-03 23:33:44.156595] POST /post_example.php HTTP/1.1
[2023-12-03 23:34:01.755786] GET /post_example.php HTTP/1.1
[2023-12-03 23:34:05.177945] GET /post_example.php HTTP/1.1
[2023-12-03 23:34:08.970314] POST /post_example.php HTTP/1.1
[2023-12-03 23:36:39.727587] POST /post_example.php HTTP/1.1
[2023-12-03 23:36:56.938079] POST /post_example.php HTTP/1.1
[2023-12-03 23:39:03.016878] GET /post_example.php HTTP/1.1
[2023-12-03 23:39:15.348808] POST /post_example.php HTTP/1.1
[2023-12-03 23:46:51.384998] POST /post_example.php HTTP/1.1
[2023-12-03 23:53:10.859617] GET /post_example.php HTTP/1.1
[2023-12-03 23:53:26.559186] GET /post_example.php HTTP/1.1
[2023-12-03 23:53:34.112427] not enough values to unpack (expected 2, got 1) <class 'ValueError'> HTTP/1.1
[2023-12-03 23:53:40.465489] GET /post_example.php HTTP/1.1
[2023-12-03 23:54:18.692385] GET /post_example.php HTTP/1.1
[2023-12-03 23:56:51.243410] POST /post_example.php HTTP/1.1
[2023-12-03 23:56:53.995200] POST /post_example.php HTTP/1.1
[2023-12-03 23:57:00.086986] POST /post_example.php HTTP/1.1
[2023-12-03 23:57:35.068541] POST /post_example.php HTTP/1.1
[2023-12-03 23:59:51.091571] POST /post_example.php HTTP/1.1
[2023-12-04 00:00:23.725755] POST /post_example.php HTTP/1.1
[2023-12-04 00:28:06.067402] GET /post_example.php HTTP/1.1
[2023-12-04 00:28:21.402819] POST /post_example.php HTTP/1.1
[2023-12-04 00:30:54.078426] POST /post_example.php HTTP/1.1
[2023-12-04 00:31:03.650404] POST /post_example.php HTTP/1.1
[2023-12-04 00:35:31.520766] POST /post_example.php HTTP/1.1
[2023-12-04 00:35:42.185595] POST /post_example.php HTTP/1.1
[2023-12-04 00:39:00.690004] POST /post_example.php HTTP/1.1
[2023-12-04 00:39:08.168207] POST /post_example.php HTTP/1.1
[2023-12-04 01:06:39.241005] GET /post_example.php HTTP/1.1
[2023-12-04 01:06:49.152785] POST /post_example.php HTTP/1.1
[2023-12-04 01:15:28.058345] POST /post_example.php HTTP/1.1
[2023-12-04 01:15:36.509463] POST /post_example.php HTTP/1.1
[2023-12-04 01:20:33.642398] POST /post_example.php HTTP/1.1
[2023-12-04 01:20:39.272824] POST /post_example.php HTTP/1.1
[2023-12-04 01:26:44.016076] POST /post_example.php HTTP/1.1
[2023-12-04 01:26:44.144387] GET /favicon.ico HTTP/1.1
[2023-12-04 01:27:05.651711] GET /name.html HTTP/1.1
[2023-12-04 01:27:08.271226] POST /post_name.php HTTP/1.1
[2023-12-04 01:27:35.731837] POST /post_name.php HTTP/1.1
[2023-12-04 01:27:47.091496] GET /input.php HTTP/1.1
[2023-12-04 01:27:57.341920] GET /name.php HTTP/1.1
[2023-12-04 01:28:02.781934] GET /name.html HTTP/1.1
[2023-12-04 01:28:05.534742] POST /post_name.php HTTP/1.1
[2023-12-04 01:28:23.449948] POST /post_name.php HTTP/1.1
[2023-12-06 15:20:37.007665] GET / HTTP/1.1
[2023-12-06 15:20:37.077672] GET /favicon.ico HTTP/1.1
[2023-12-06 15:21:00.200074] GET /hello.php HTTP/1.1
[2023-12-06 15:21:15.158174] GET /greetings.php HTTP/1.1
[2023-12-06 15:23:09.918605] GET /greetings.php HTTP/1.1
[2023-12-06 15:23:37.047382] GET /greetings.php HTTP/1.1
[2023-12-06 15:24:45.987850] GET /greetings.php HTTP/1.1
[2023-12-06 15:25:26.863907] GET /greetings.php HTTP/1.1
[2023-12-06 15:25:27.054576] GET /favicon.ico HTTP/1.1
[2023-12-06 15:29:57.346084] GET /greetings.php HTTP/1.1
[2023-12-06 15:29:57.533397] GET /favicon.ico HTTP/1.1
[2023-12-06 15:30:01.685433] GET /greetings.php HTTP/1.1
[2023-12-06 15:30:04.248322] GET /greetings.php HTTP/1.1
[2023-12-06 15:30:08.858797] GET /greetings.php HTTP/1.1
[2023-12-06 15:34:24.025740] GET /greetings.php HTTP/1.1
[2023-12-06 15:34:47.251493] GET /greetings.php HTTP/1.1
[2023-12-06 15:34:47.498705] GET /favicon.ico HTTP/1.1
[2023-12-06 15:35:02.112218] GET /greetings.php HTTP/1.1
[2023-12-10 21:24:02.725900] GET /greetings.php HTTP/1.1
[2023-12-10 21:24:13.467525] GET /greetings.php HTTP/1.1
[2023-12-10 21:24:31.736217] GET /name.html HTTP/1.1
[2023-12-10 21:31:05.870471] GET /name.html HTTP/1.1
[2023-12-10 21:31:11.746300] GET /name.html HTTP/1.1
[2023-12-10 21:31:15.542288] GET /name.html HTTP/1.1
[2023-12-10 21:31:31.835275] GET /greetings.html HTTP/1.1
[2023-12-10 21:31:37.651286] GET /greetings.php HTTP/1.1
[2023-12-10 21:31:56.691635] GET /greetings.php HTTP/1.1
[2023-12-10 21:32:37.782058] GET /greetings.php HTTP/1.1
[2023-12-10 21:32:43.434157] GET /greetings.php HTTP/1.1
[2023-12-10 21:32:54.246340] GET /greetings.php HTTP/1.1
[2023-12-10 21:33:06.164818] GET /greetings.php HTTP/1.1
[2023-12-10 21:33:28.745213] GET /greetings.php HTTP/1.1
[2023-12-10 21:35:00.710175] GET / HTTP/1.1
[2023-12-10 21:35:01.062119] GET /favicon.ico HTTP/1.1
[2023-12-10 21:35:09.512237] GET /welcome.php HTTP/1.1
[2023-12-10 21:35:12.961180] GET /welcome.html HTTP/1.1
[2023-12-10 21:35:25.617518] GET /greetings.php HTTP/1.1
[2023-12-10 21:37:47.768551] GET /greetings.php HTTP/1.1
[2023-12-10 21:38:00.583342] GET /greetings.php HTTP/1.1
[2023-12-10 21:38:18.081607] GET /greetings.php HTTP/1.1
[2023-12-10 22:16:29.479348] GET /name.html HTTP/1.1
[2023-12-10 22:16:33.947044] POST /post_name.php HTTP/1.1
[2023-12-10 22:34:17.376182] POST /post_name.php HTTP/1.1
[2023-12-10 22:34:46.588810] GET /D_GET_page.php HTTP/1.1
[2023-12-10 23:03:30.011036] GET / HTTP/1.1
[2023-12-10 23:03:30.086103] GET /favicon.ico HTTP/1.1
[2023-12-10 23:03:42.130363] GET /D_GET_page.php HTTP/1.1
[2023-12-10 23:10:05.462999] GET /greetings.php HTTP/1.1
[2023-12-10 23:11:52.599155] GET /greetings.php?name=v HTTP/1.1
[2023-12-10 23:11:56.085792] GET /greetings.php HTTP/1.1
[2023-12-10 23:12:24.979351] GET /greetings.php?name=v HTTP/1.1
[2023-12-10 23:13:59.763953] GET /greetings.php HTTP/1.1
[2023-12-10 23:14:06.089886] GET /greetings.php HTTP/1.1
[2023-12-14 12:53:58.182675] GET / HTTP/1.1
[2023-12-14 12:53:58.304911] GET /favicon.ico HTTP/1.1
[2023-12-14 12:54:19.002750] GET /D_GET_page.php HTTP/1.1
[2023-12-14 12:54:27.675253] GET /D_GET_page.php HTTP/1.1
[2023-12-14 12:58:00.838342] GET /D_GET_page.php HTTP/1.1
[2023-12-14 13:02:59.831715] GET /greetings.php HTTP/1.1
[2023-12-14 13:03:14.108410] GET /D_GET_page.php HTTP/1.1
[2023-12-14 13:04:51.280592] GET /name.html HTTP/1.1
[2023-12-14 13:05:00.460309] POST /post_name.php HTTP/1.1
